\BOOKMARK [0][-]{section*.1}{Indice}{}% 1
\BOOKMARK [0][-]{chapter.0}{Disclaimer}{}% 2
\BOOKMARK [0][-]{chapter.1}{Introduction}{}% 3
\BOOKMARK [1][-]{section.1.1}{Complex Numbers}{chapter.1}% 4
\BOOKMARK [2][-]{subsection.1.1.1}{Cartesian form}{section.1.1}% 5
\BOOKMARK [2][-]{subsection.1.1.2}{Polar form}{section.1.1}% 6
\BOOKMARK [2][-]{subsection.1.1.3}{Trigonometric form}{section.1.1}% 7
\BOOKMARK [2][-]{subsection.1.1.4}{Euler's formula}{section.1.1}% 8
\BOOKMARK [2][-]{subsection.1.1.5}{Euler's formula and Complex Numbers}{section.1.1}% 9
\BOOKMARK [2][-]{subsection.1.1.6}{Elementary operations}{section.1.1}% 10
\BOOKMARK [3][-]{subsubsection.1.1.6.1}{Conjugate}{subsection.1.1.6}% 11
\BOOKMARK [3][-]{subsubsection.1.1.6.2}{Addition and subtraction}{subsection.1.1.6}% 12
\BOOKMARK [3][-]{subsubsection.1.1.6.3}{Multiplication}{subsection.1.1.6}% 13
\BOOKMARK [3][-]{subsubsection.1.1.6.4}{Multiplying a complex number by j}{subsection.1.1.6}% 14
\BOOKMARK [1][-]{section.1.2}{The Field C of Complex Numbers}{chapter.1}% 15
\BOOKMARK [2][-]{subsection.1.2.1}{Naive introduction to the field C}{section.1.2}% 16
\BOOKMARK [2][-]{subsection.1.2.2}{Definition of the field C}{section.1.2}% 17
\BOOKMARK [2][-]{subsection.1.2.3}{Constructing the complex numbers via the arithmetic of 2x2 matrices}{section.1.2}% 18
\BOOKMARK [0][-]{chapter.2}{Concetti Preliminari}{}% 19
\BOOKMARK [1][-]{section.2.1}{Introduzione allo studio dei segnali}{chapter.2}% 20
\BOOKMARK [2][-]{subsection.2.1.1}{Propriet\340 elementari dei segnali determinati}{section.2.1}% 21
\BOOKMARK [3][-]{subsubsection.2.1.1.1}{Esercizio 12 Marzo 2018}{subsection.2.1.1}% 22
\BOOKMARK [1][-]{section.2.2}{Segnali periodici a tempo continuo}{chapter.2}% 23
\BOOKMARK [2][-]{subsection.2.2.1}{Sviluppo in serie di Fourier in forma reale polare}{section.2.2}% 24
\BOOKMARK [2][-]{subsection.2.2.2}{Sviluppo in serie di Fourier in forma complessa}{section.2.2}% 25
\BOOKMARK [2][-]{subsection.2.2.3}{Sviluppo in serie di Fourier in forma reale rettangolare}{section.2.2}% 26
\BOOKMARK [2][-]{subsection.2.2.4}{Il criterio di Dirichlet}{section.2.2}% 27
\BOOKMARK [2][-]{subsection.2.2.5}{Spettri di ampiezza e di fase}{section.2.2}% 28
\BOOKMARK [3][-]{subsubsection.2.2.5.1}{Spettro di un coseno}{subsection.2.2.5}% 29
\BOOKMARK [3][-]{subsubsection.2.2.5.2}{Spettro di un seno}{subsection.2.2.5}% 30
\BOOKMARK [2][-]{subsection.2.2.6}{MATLAB 2.1}{section.2.2}% 31
\BOOKMARK [2][-]{subsection.2.2.7}{MATLAB 2.2}{section.2.2}% 32
\BOOKMARK [1][-]{section.2.3}{Segnali aperiodici a tempo continuo}{chapter.2}% 33
\BOOKMARK [2][-]{subsection.2.3.1}{Dalla serie all'integrale di Fourier}{section.2.3}% 34
\BOOKMARK [3][-]{subsubsection.2.3.1.1}{Esempio}{subsection.2.3.1}% 35
\BOOKMARK [3][-]{subsubsection.2.3.1.2}{Esempio}{subsection.2.3.1}% 36
\BOOKMARK [3][-]{subsubsection.2.3.1.3}{Esempio}{subsection.2.3.1}% 37
\BOOKMARK [2][-]{subsection.2.3.2}{Criteri di esistenza della Trasformata Continua di Fourier \(TCF\)}{section.2.3}% 38
\BOOKMARK [2][-]{subsection.2.3.3}{Banda}{section.2.3}% 39
\BOOKMARK [3][-]{subsubsection.2.3.3.1}{Larghezza di banda}{subsection.2.3.3}% 40
\BOOKMARK [2][-]{subsection.2.3.4}{Convoluzione}{section.2.3}% 41
\BOOKMARK [2][-]{subsection.2.3.5}{Sommario}{section.2.3}% 42
\BOOKMARK [1][-]{section.2.4}{Sistemi monodimensionali a tempo continuo}{chapter.2}% 43
\BOOKMARK [1][-]{section.2.5}{Segnali a tempo discreto}{chapter.2}% 44
\BOOKMARK [1][-]{section.2.6}{Sistemi monodimensionali a tempo discreto}{chapter.2}% 45
\BOOKMARK [1][-]{section.2.7}{Progetto di filtri digitali}{chapter.2}% 46
\BOOKMARK [1][-]{section.2.8}{Richiami di teoria della probabilit\340}{chapter.2}% 47
\BOOKMARK [2][-]{subsection.2.8.1}{Probabilit\340 Condizionata}{section.2.8}% 48
\BOOKMARK [3][-]{subsubsection.2.8.1.1}{Esempi Probabilit\340 Condizionata}{subsection.2.8.1}% 49
\BOOKMARK [2][-]{subsection.2.8.2}{Teorema della Probabilit\340 Composta}{section.2.8}% 50
\BOOKMARK [2][-]{subsection.2.8.3}{Teorema della Probabilit\340 Assoluta}{section.2.8}% 51
\BOOKMARK [1][-]{section.2.9}{Segnali aleatori a tempo continuo e a tempo discreto}{chapter.2}% 52
\BOOKMARK [0][-]{chapter.3}{Esame Scritto}{}% 53
\BOOKMARK [1][-]{section.3.1}{Compitino 2014}{chapter.3}% 54
\BOOKMARK [1][-]{section.3.2}{Compitino 2015}{chapter.3}% 55
\BOOKMARK [1][-]{section.3.3}{Compitino 2016}{chapter.3}% 56
\BOOKMARK [1][-]{section.3.4}{Compitino 2017}{chapter.3}% 57
\BOOKMARK [1][-]{section.3.5}{Compitino 2018}{chapter.3}% 58
\BOOKMARK [1][-]{section.3.6}{Prova di Comunicazioni Numeriche - 09 Gennaio 2018}{chapter.3}% 59
\BOOKMARK [1][-]{section.3.7}{Prova di Comunicazioni Numeriche - 29 Gennaio 2018}{chapter.3}% 60
\BOOKMARK [1][-]{section.3.8}{Prova di Comunicazioni Numeriche - 20 Febbraio 2018}{chapter.3}% 61
\BOOKMARK [1][-]{section.3.9}{Prova di Comunicazioni Numeriche - 09 Aprile 2018}{chapter.3}% 62
\BOOKMARK [0][-]{chapter.4}{Esame Orale}{}% 63
\BOOKMARK [1][-]{section.4.1}{Segnali Deterministici}{chapter.4}% 64
\BOOKMARK [2][-]{subsection.4.1.1}{Relazioni tra Potenza Media Px ed Energia Ex di un Segnale}{section.4.1}% 65
\BOOKMARK [3][-]{subsubsection.4.1.1.1}{Funzione a quadrato sommabile}{subsection.4.1.1}% 66
\BOOKMARK [3][-]{subsubsection.4.1.1.2}{Applicazioni nella Meccanica Quantistica}{subsection.4.1.1}% 67
\BOOKMARK [2][-]{subsection.4.1.2}{Relazione Potenza Media, Valore Efficace e Valore Medio: Px = 0 -3.45muxeff = 0, xm = 0}{section.4.1}% 68
\BOOKMARK [3][-]{subsubsection.4.1.2.1}{Media quadratica}{subsection.4.1.2}% 69
\BOOKMARK [3][-]{subsubsection.4.1.2.2}{Valore Efficace}{subsection.4.1.2}% 70
\BOOKMARK [2][-]{subsection.4.1.3}{Biunivocit\340 della trasformata serie di Fourier}{section.4.1}% 71
\BOOKMARK [2][-]{subsection.4.1.4}{Linearit\340 della trasformata serie di Fourier}{section.4.1}% 72
\BOOKMARK [3][-]{subsubsection.4.1.4.1}{Esercizio}{subsection.4.1.4}% 73
\BOOKMARK [2][-]{subsection.4.1.5}{Simmetria Hermitiana della trasformata serie di Fourier}{section.4.1}% 74
\BOOKMARK [3][-]{subsubsection.4.1.5.1}{Simmetria pari per il modulo}{subsection.4.1.5}% 75
\BOOKMARK [3][-]{subsubsection.4.1.5.2}{Simmetria dispari per la fase}{subsection.4.1.5}% 76
\BOOKMARK [2][-]{subsection.4.1.6}{Trasformata di un segnale \(periodico\) reale e pari}{section.4.1}% 77
\BOOKMARK [2][-]{subsection.4.1.7}{Trasformata di un segnale \(periodico\) reale e dispari}{section.4.1}% 78
\BOOKMARK [2][-]{subsection.4.1.8}{Trasformata di un segnale \(periodico\) reale alternativo}{section.4.1}% 79
\BOOKMARK [2][-]{subsection.4.1.9}{Simmetrie della Trasformata Continua di Fourier \(TCF\)}{section.4.1}% 80
\BOOKMARK [3][-]{subsubsection.4.1.9.1}{Simmetrie della TCF: Simmetria Hermitiana}{subsection.4.1.9}% 81
\BOOKMARK [3][-]{subsubsection.4.1.9.2}{Simmetrie della TCF: Segnali reali e pari}{subsection.4.1.9}% 82
\BOOKMARK [3][-]{subsubsection.4.1.9.3}{Simmetrie della TCF: Segnali reali e dispari}{subsection.4.1.9}% 83
\BOOKMARK [2][-]{subsection.4.1.10}{Teoremi sulla trasformata continua di Fourier}{section.4.1}% 84
\BOOKMARK [3][-]{subsubsection.4.1.10.1}{Linearit\340 della TCF}{subsection.4.1.10}% 85
\BOOKMARK [3][-]{subsubsection.4.1.10.2}{Dualit\340 della TCF}{subsection.4.1.10}% 86
\BOOKMARK [3][-]{subsubsection.4.1.10.3}{Teorema del ritardo}{subsection.4.1.10}% 87
\BOOKMARK [3][-]{subsubsection.4.1.10.4}{Teorema del cambiamento di scala}{subsection.4.1.10}% 88
\BOOKMARK [2][-]{subsection.4.1.11}{Teorema della Modulazione}{section.4.1}% 89
\BOOKMARK [3][-]{subsubsection.4.1.11.1}{Modulazione con coseno}{subsection.4.1.11}% 90
\BOOKMARK [3][-]{subsubsection.4.1.11.2}{Modulazione con seno}{subsection.4.1.11}% 91
\BOOKMARK [3][-]{subsubsection.4.1.11.3}{Modulazione con cosinusoide generica}{subsection.4.1.11}% 92
\BOOKMARK [3][-]{subsubsection.4.1.11.4}{Modulazione con esponenziale complesso}{subsection.4.1.11}% 93
\BOOKMARK [2][-]{subsection.4.1.12}{Teorema di derivazione}{section.4.1}% 94
\BOOKMARK [3][-]{subsubsection.4.1.12.1}{Teorema di derivazione nel tempo \(Prof. Martorella\)}{subsection.4.1.12}% 95
\BOOKMARK [3][-]{subsubsection.4.1.12.2}{Teorema di derivazione in frequenza \(Prof. Martorella\)}{subsection.4.1.12}% 96
\BOOKMARK [2][-]{subsection.4.1.13}{Teorema di integrazione}{section.4.1}% 97
\BOOKMARK [3][-]{subsubsection.4.1.13.1}{Teorema di Integrazione nel tempo \(Prof. Martorella\)}{subsection.4.1.13}% 98
\BOOKMARK [3][-]{subsubsection.4.1.13.2}{Teorema di Integrazione in frequenza \(Prof. Martorella\)}{subsection.4.1.13}% 99
\BOOKMARK [2][-]{subsection.4.1.14}{Teorema del Prodotto di Convoluzione}{section.4.1}% 100
\BOOKMARK [3][-]{subsubsection.4.1.14.1}{Teorema del Prodotto \(Prof. Martorella\)}{subsection.4.1.14}% 101
\BOOKMARK [2][-]{subsection.4.1.15}{Teorema di Convoluzione}{section.4.1}% 102
\BOOKMARK [3][-]{subsubsection.4.1.15.1}{Teorema di Convoluzione \(Prof. Martorella\)}{subsection.4.1.15}% 103
\BOOKMARK [3][-]{subsubsection.4.1.15.2}{Propriet\340 della Convoluzione}{subsection.4.1.15}% 104
\BOOKMARK [2][-]{subsection.4.1.16}{Formule di Somma di Poisson}{section.4.1}% 105
\BOOKMARK [3][-]{subsubsection.4.1.16.1}{Prima Formula di somma di Poisson}{subsection.4.1.16}% 106
\BOOKMARK [3][-]{subsubsection.4.1.16.2}{Seconda Formula di somma di Poisson}{subsection.4.1.16}% 107
\BOOKMARK [2][-]{subsection.4.1.17}{Dimostrare la TCF di un segnale periodico}{section.4.1}% 108
\BOOKMARK [2][-]{subsection.4.1.18}{Teorema di Parseval}{section.4.1}% 109
\BOOKMARK [3][-]{subsubsection.4.1.18.1}{Definire e dimostrare il teorema di Parseval per segnali aperiodici}{subsection.4.1.18}% 110
\BOOKMARK [3][-]{subsubsection.4.1.18.2}{Definire e dimostrare il teorema di Parseval per segnali periodici \(con TSF\)}{subsection.4.1.18}% 111
\BOOKMARK [3][-]{subsubsection.4.1.18.3}{Definire e dimostrare il teorema di Parseval per segnali periodici \(con TCF\)}{subsection.4.1.18}% 112
\BOOKMARK [3][-]{subsubsection.4.1.18.4}{Definire e dimostrare il teorema di Parseval per le sequenze}{subsection.4.1.18}% 113
\BOOKMARK [2][-]{subsection.4.1.19}{Definire l'operazione di convoluzione ed illustrarne le propriet\340}{section.4.1}% 114
\BOOKMARK [2][-]{subsection.4.1.20}{Dimostrare che la TFS di x[n] = x\(nT\) \350 scrivibile tramite la TCF di x\(t\)}{section.4.1}% 115
\BOOKMARK [2][-]{subsection.4.1.21}{Definire l'operazione di autocorrelazione per segnali aperiodici ed illustrarne le propriet\340}{section.4.1}% 116
\BOOKMARK [2][-]{subsection.4.1.22}{Definire la cross-correlazione e la convoluzione tra due segnali x\(t\) e y\(t\)}{section.4.1}% 117
\BOOKMARK [2][-]{subsection.4.1.23}{Dimostrare che la cross-correlazione tra x\(t\) e y\(t\) \350 scrivibile in termini di convoluzione tra i due segnali}{section.4.1}% 118
\BOOKMARK [2][-]{subsection.4.1.24}{Dimostrare che la TFS di x[n] = x\(nT\) \350 periodica di periodo 1/T}{section.4.1}% 119
\BOOKMARK [2][-]{subsection.4.1.25}{Dimostrare che la TSF di x\(t\) = n x0\(t - nT\) \350 scrivibile tramite la TCF di x0\(t\)}{section.4.1}% 120
\BOOKMARK [2][-]{subsection.4.1.26}{Dare la definizione di Densit\340 spettrale di Energia e dimostrare che Sx\(f\) = X\(f\)2}{section.4.1}% 121
\BOOKMARK [2][-]{subsection.4.1.27}{Definire la funzione delta di Dirac e illustrare le sue propriet\340}{section.4.1}% 122
\BOOKMARK [2][-]{subsection.4.1.28}{Dimostrare la condizione sufficiente per l'esistenza della TFS}{section.4.1}% 123
\BOOKMARK [1][-]{section.4.2}{Segnali Aleatori}{chapter.4}% 124
\BOOKMARK [2][-]{subsection.4.2.1}{Teorema di Bayes}{section.4.2}% 125
\BOOKMARK [3][-]{subsubsection.4.2.1.1}{Esempio Teorema di Bayes}{subsection.4.2.1}% 126
\BOOKMARK [2][-]{subsection.4.2.2}{Teorema della Probabilit\340 Totale}{section.4.2}% 127
\BOOKMARK [3][-]{subsubsection.4.2.2.1}{Esempio Teorema di Bayes \046 Teorema della Probabilit\340 Totale}{subsection.4.2.2}% 128
\BOOKMARK [2][-]{subsection.4.2.3}{Legame tra Varianza X2 e Valor quadratico medio mX2}{section.4.2}% 129
\BOOKMARK [2][-]{subsection.4.2.4}{Dimostrare il teorema Fondamentale della Probabilit\340 per funzioni monotone}{section.4.2}% 130
\BOOKMARK [2][-]{subsection.4.2.5}{Dimostrare il teorema dell'Aspettazione per variabili discrete X e Y = g\(X\)}{section.4.2}% 131
\BOOKMARK [2][-]{subsection.4.2.6}{Dimostrare che due variabili aleatorie gaussiane incorrelate sono anche indipendenti}{section.4.2}% 132
\BOOKMARK [2][-]{subsection.4.2.7}{Dare la definizione di Funzione di distribuzione e le sue propriet\340, specificare come \350 fatta nel caso di variabili aleatorie discrete e continue}{section.4.2}% 133
\BOOKMARK [2][-]{subsection.4.2.8}{Definire Valore Medio, Varianza, Momento Ordinario di Ordine r e Valore Quadratico Medio}{section.4.2}% 134
\BOOKMARK [3][-]{subsubsection.4.2.8.1}{Valore Medio}{subsection.4.2.8}% 135
\BOOKMARK [3][-]{subsubsection.4.2.8.2}{Varianza}{subsection.4.2.8}% 136
\BOOKMARK [2][-]{subsection.4.2.9}{Momento Ordinario di Ordine r}{section.4.2}% 137
\BOOKMARK [3][-]{subsubsection.4.2.9.1}{Valore Quadratico Medio}{subsection.4.2.9}% 138
\BOOKMARK [2][-]{subsection.4.2.10}{Modelli per Variabili Aleatorie: DDP, FDd, Valor Medio, Valore Quadratico Medio, Varianza}{section.4.2}% 139
\BOOKMARK [3][-]{subsubsection.4.2.10.1}{Modello Uniforme}{subsection.4.2.10}% 140
\BOOKMARK [3][-]{subsubsection.4.2.10.2}{Modello Gaussiano}{subsection.4.2.10}% 141
\BOOKMARK [3][-]{subsubsection.4.2.10.3}{Modello Esponenziale Negativo}{subsection.4.2.10}% 142
\BOOKMARK [2][-]{subsection.4.2.11}{Definire la correlazione e la covarianza fra variabili aleatorie e dire quando sono incorrelate e indipendenti}{section.4.2}% 143
\BOOKMARK [2][-]{subsection.4.2.12}{Propriet\340 della funzione di autocorrelazione per processi aleatori}{section.4.2}% 144
\BOOKMARK [2][-]{subsection.4.2.13}{Definizione e propriet\340 della DSP per processi aleatori}{section.4.2}% 145
\BOOKMARK [1][-]{section.4.3}{Sistemi Monodimensionali}{chapter.4}% 146
\BOOKMARK [2][-]{subsection.4.3.1}{Dare la definizione di sistema e illustrarne le propriet\340}{section.4.3}% 147
\BOOKMARK [2][-]{subsection.4.3.2}{}{section.4.3}% 148
\BOOKMARK [2][-]{subsection.4.3.3}{Si dimostri che, per un SLS, il segnale di uscita \350 scrivibile come la convoluzione del segnale di ingresso per la risposta impulsiva}{section.4.3}% 149
\BOOKMARK [2][-]{subsection.4.3.4}{Definire quando un SLS \350 causale e stabile BIBO e dimostrarlo}{section.4.3}% 150
\BOOKMARK [2][-]{subsection.4.3.5}{Dimostrare che l'uscita y\(t\) da un interpolatore, con funzione interpolatrice p\(t\) e in ingresso la sequenza x[n], \350 scrivibile come y\(t\) = F-1\173X\(f\) P\(f\)\175, dove X\(f\) = TFS\173x[n]\175 e P\(f\) = F\173p\(t\)\175}{section.4.3}% 151
\BOOKMARK [2][-]{subsection.4.3.6}{Spiegare il concetto di stazionariet\340 in senso lato e in senso stretto di un processo aleatorio}{section.4.3}% 152
\BOOKMARK [2][-]{subsection.4.3.7}{Definire l'efficienza spettrale e calcolarla per una PAM binaria}{section.4.3}% 153
\BOOKMARK [2][-]{subsection.4.3.8}{Definire l'ISI e la condizione di Nyquist}{section.4.3}% 154
\BOOKMARK [2][-]{subsection.4.3.9}{Dimostrare che, per una modulazione PAM in banda passante, che la condizione di Nyquist nel tempo garantisce l'assenza di ISI}{section.4.3}% 155
\BOOKMARK [2][-]{subsection.4.3.10}{A partire dalla condizione di Nyquist per l'assenza di ISI per una PAM in banda base, dimostrare la condizione di Nyquist in Frequenza}{section.4.3}% 156
\BOOKMARK [2][-]{subsection.4.3.11}{Dimostrare che, se si rispetta la condizione di Nyquist, non si ha ISI per un sistema PAM binario}{section.4.3}% 157
\BOOKMARK [2][-]{subsection.4.3.12}{Dimostrare che se un processo gaussiano \350 SSL allora \350 anche SSS}{section.4.3}% 158
\BOOKMARK [2][-]{subsection.4.3.13}{L'uso della codifica Grey invece della codificare naturale in un sistema numerico di comunicazione consente la riduzione della BER \(Bit Error Rate\) a parit\340 di rapporto senglae/rumore Eb/N0 in ricezione? Giustificare la risposta.}{section.4.3}% 159
\BOOKMARK [2][-]{subsection.4.3.14}{Si spieghi il funzionamento del filtro adattato ed il modo in cui questo sistema minimizza la P\(e\) in ricezione per un sistema di comunicazione binario in banda base}{section.4.3}% 160
\BOOKMARK [2][-]{subsection.4.3.15}{Descrivere il sistema PCM standard}{section.4.3}% 161
\BOOKMARK [2][-]{subsection.4.3.16}{Dimostrare che il valore medio di un processo Y\(t\) ottenuto filtrando un processo X\(t\) con nu filtro lineare e stazionario con risposta impulsiva h\(t\) \350 scrivibile in termini della h\(t\) e del valore medio del processo in ingresso x\(t\)}{section.4.3}% 162
\BOOKMARK [2][-]{subsection.4.3.17}{Definire il segnale trasmesso per una QAM generica e calcolare dal punto di vista teorico l'energia media per simbolo trasmesso}{section.4.3}% 163
\BOOKMARK [2][-]{subsection.4.3.18}{Schema QAM \(ricevitore + trasmettitore\)}{section.4.3}% 164
\BOOKMARK [2][-]{subsection.4.3.19}{Schema PAM in banda base e in banda passante}{section.4.3}% 165
\BOOKMARK [2][-]{subsection.4.3.20}{Definire gli indici statistici del primo ordine e quelli del secondo ordine per processi aleatori}{section.4.3}% 166
\BOOKMARK [2][-]{subsection.4.3.21}{Illustrare le relazioni fra processi}{section.4.3}% 167
\BOOKMARK [3][-]{subsubsection.4.3.21.1}{Incorrelati}{subsection.4.3.21}% 168
\BOOKMARK [3][-]{subsubsection.4.3.21.2}{Ortogonali}{subsection.4.3.21}% 169
\BOOKMARK [3][-]{subsubsection.4.3.21.3}{Indipendenti}{subsection.4.3.21}% 170
\BOOKMARK [2][-]{subsection.4.3.22}{Dire quando due processi sono congiuntamente stazionari in SSS e SSL}{section.4.3}% 171
\BOOKMARK [0][-]{appendix.Alph1}{Segnali Canonici}{}% 172
\BOOKMARK [1][-]{section.Alph1.1}{Gradino Unitario}{appendix.Alph1}% 173
